{
  message: '🔋___Database connect successfully!',
  level: 'info',
  label: 'University Management',
  timestamp: '2025-06-24T06:17:31.980Z'
}
{
  message: 'Application listening on port 5000',
  level: 'info',
  label: 'University Management',
  timestamp: '2025-06-24T06:17:31.998Z'
}
{
  message: '🔋___Database connect successfully!',
  level: 'info',
  label: 'University Management',
  timestamp: '2025-06-24T06:21:49.715Z'
}
{
  message: 'Application listening on port 5000',
  level: 'info',
  label: 'University Management',
  timestamp: '2025-06-24T06:21:49.729Z'
}
{
  message: '🔋___Database connect successfully!',
  level: 'info',
  label: 'University Management',
  timestamp: '2025-06-24T06:49:08.971Z'
}
{
  message: 'Application listening on port 5000',
  level: 'info',
  label: 'University Management',
  timestamp: '2025-06-24T06:49:09.011Z'
}
