Sun Jun 29 2025 21:15:6 [University Management] error: 🚀 From GlovalErrorHandler ~~~ Testing error logger
Sun Jun 29 2025 21:16:8 [University Management] error: 🚀 From GlovalErrorHandler ~~~ Testing error logger
Sun Jun 29 2025 21:16:41 [University Management] error: 🚀 From GlovalErrorHandler ~~~ [
  {
    "code": "invalid_type",
    "expected": "string",
    "received": "undefined",
    "path": [
      "body",
      "role"
    ],
    "message": "role is required"
  }
]
Sun Jun 29 2025 21:18:20 [University Management] error: 🚀 From GlovalErrorHandler ~~~ [
  {
    "code": "invalid_type",
    "expected": "string",
    "received": "undefined",
    "path": [
      "body",
      "role"
    ],
    "message": "role is required"
  }
]
Sun Jun 29 2025 21:21:41 [University Management] error: 🚀 From GlovalErrorHandler ~~~ [
  {
    "code": "invalid_type",
    "expected": "string",
    "received": "undefined",
    "path": [
      "body",
      "role"
    ],
    "message": "role is required"
  }
]
Sun Jun 29 2025 21:22:39 [University Management] error: 🚀 From GlovalErrorHandler ~~~ User validation failed: role: Path `role` is required.
Sun Jun 29 2025 21:23:8 [University Management] error: 🚀 From GlovalErrorHandler ~~~ User validation failed: role: Path `role` is required.
Sun Jun 29 2025 21:23:27 [University Management] error: 🚀 From GlovalErrorHandler ~~~ User validation failed: role: Path `role` is required.
